--------------------
configure
Wed Jan 24 00:53:03 +07 2024
Checking for gcc...
=== ztest746.c ===
extern int getchar();
int hello() {return getchar();}
===
gcc -c ztest746.c
configure: 182: gcc: not found
... using cc

Checking for obsessive-compulsive compiler options...
=== ztest746.c ===
int foo() { return 0; }
===
cc -c -O ztest746.c
configure: 370: cc: not found
(exit code 127)
Compiler error reporting is too harsh for configure (perhaps remove -Werror).
** configure aborting.
--------------------


